<?xml version="1.0" encoding="UTF-8"?>
<testsuite xmlns:xsi="http://www.w3.org/2001/XMLSchema-instance" xsi:noNamespaceSchemaLocation="https://maven.apache.org/surefire/maven-surefire-plugin/xsd/surefire-test-report-3.0.xsd" version="3.0" name="tek.sdet.framework.runner.TestRunner" time="222.253" tests="24" errors="0" skipped="0" failures="0">
  <properties>
[...]
</properties>
  <testcase name="Verify User can update Profile Information" classname="Retail Application Account Feature" time="11.385">
    <system-out><![CDATA[
@completeTest @updateProfile
Scenario: Verify User can update Profile Information                              # features/RetailAccount.feature:12
 INFO [main] (RetailHomeSteps.java:26)- user is on retail website
 INFO [main] (RetailHomeSteps.java:27)- Actual Title React App Equals  ExpectedTitle React App
  Given User is on retail website                                                 # tek.sdet.framework.steps.RetailHomeSteps.userIsOnRetailWebsite()
 INFO [main] (SignInSteps.java:22)- User clicked on Sign in Option
  When User click on Sign in option                                               # tek.sdet.framework.steps.SignInSteps.userClickOnSignInOption()
 INFO [main] (SignInSteps.java:29)- user entered email mohruniyozmamadova@gmail.com and password Zarrina1964!
  And User enter email 'mohruniyozmamadova@gmail.com' and password 'Zarrina1964!' # tek.sdet.framework.steps.SignInSteps.userEnterEmailAndPassword(java.lang.String,java.lang.String)
 INFO [main] (SignInSteps.java:35)- user clicked on login button
  And User click on login button                                                  # tek.sdet.framework.steps.SignInSteps.userClickOnLoginButton()
  And User should be logged in into Account                                       # tek.sdet.framework.steps.SignInSteps.userShouldBeLoggedInIntoAccount()
 INFO [main] (RetailAccountSteps.java:23)- user clicked on Account option
  When User click on Account option                                               # tek.sdet.framework.steps.RetailAccountSteps.userClickOnAccountOption()
 INFO [main] (RetailAccountSteps.java:32)- user updated Name and Phone values 
  And User update Name 'firstName' and Phone 'PhoneNumber'                        # tek.sdet.framework.steps.RetailAccountSteps.userUpdateNameAndPhone(java.lang.String,java.lang.String)
 INFO [main] (RetailAccountSteps.java:37)- user clicked on Update button
  And User click on Update button                                                 # tek.sdet.framework.steps.RetailAccountSteps.userClickOnUpdateButton()
 INFO [main] (RetailAccountSteps.java:43)- user profile information updated
  Then User profile information should be updated                                 # tek.sdet.framework.steps.RetailAccountSteps.userProfileInformationShouldBeUpdated()
]]></system-out>
    <system-err><![CDATA[SLF4J: Failed to load class "org.slf4j.impl.StaticLoggerBinder".
SLF4J: Defaulting to no-operation (NOP) logger implementation
SLF4J: See http://www.slf4j.org/codes.html#StaticLoggerBinder for further details.
ERROR StatusLogger Log4j2 could not find a logging implementation. Please add log4j-core to the classpath. Using SimpleLogger to log to the console...
Starting Microsoft Edge WebDriver 111.0.1661.51 (5b30e0e79e572b7d6873934eb1b328c220c72c9b) on port 56092
To submit feedback, report a bug, or suggest new features, please visit https://github.com/MicrosoftEdge/EdgeWebDriver

Only local connections are allowed.
Please see https://aka.ms/WebDriverSecurity for suggestions on keeping Microsoft Edge WebDriver safe.

Microsoft Edge WebDriver was started successfully.
Mar 24, 2023 4:21:27 PM org.openqa.selenium.remote.ProtocolHandshake createSession
INFO: Detected upstream dialect: W3C
Mar 24, 2023 4:21:27 PM org.openqa.selenium.devtools.CdpVersionFinder findNearestMatch
WARNING: Unable to find an exact match for CDP version 111, so returning the closest version found: a no-op implementation
Mar 24, 2023 4:21:27 PM org.openqa.selenium.devtools.CdpVersionFinder findNearestMatch
INFO: Unable to find CDP implementation matching 111.
Mar 24, 2023 4:21:27 PM org.openqa.selenium.chromium.ChromiumDriver lambda$new$3
WARNING: Unable to find version of CDP to use for . You may need to include a dependency on a specific version of the CDP using something similar to `org.seleniumhq.selenium:selenium-devtools-v86:4.4.0` where the version ("v86") matches the version of the chromium-based browser you're using and the version number of the artifact is the same as Selenium's.
]]></system-err>
  </testcase>
  <testcase name="Verify User can add a payment method" classname="Retail Application Account Feature" time="9.948">
    <system-out><![CDATA[
@completeTest @addPayment
Scenario: Verify User can add a payment method                                    # features/RetailAccount.feature:19
 INFO [main] (RetailHomeSteps.java:26)- user is on retail website
 INFO [main] (RetailHomeSteps.java:27)- Actual Title React App Equals  ExpectedTitle React App
  Given User is on retail website                                                 # tek.sdet.framework.steps.RetailHomeSteps.userIsOnRetailWebsite()
 INFO [main] (SignInSteps.java:22)- User clicked on Sign in Option
  When User click on Sign in option                                               # tek.sdet.framework.steps.SignInSteps.userClickOnSignInOption()
 INFO [main] (SignInSteps.java:29)- user entered email mohruniyozmamadova@gmail.com and password Zarrina1964!
  And User enter email 'mohruniyozmamadova@gmail.com' and password 'Zarrina1964!' # tek.sdet.framework.steps.SignInSteps.userEnterEmailAndPassword(java.lang.String,java.lang.String)
 INFO [main] (SignInSteps.java:35)- user clicked on login button
  And User click on login button                                                  # tek.sdet.framework.steps.SignInSteps.userClickOnLoginButton()
  And User should be logged in into Account                                       # tek.sdet.framework.steps.SignInSteps.userShouldBeLoggedInIntoAccount()
 INFO [main] (RetailAccountSteps.java:23)- user clicked on Account option
  When User click on Account option                                               # tek.sdet.framework.steps.RetailAccountSteps.userClickOnAccountOption()
 INFO [main] (RetailAccountSteps.java:76)- User clicked on Add a payment
  And User click on Add a payment method link                                     # tek.sdet.framework.steps.RetailAccountSteps.userClickOnAddAPaymentMethodLink()
 INFO [main] (RetailAccountSteps.java:88)- Usser filled card info
  And User fill Debit or credit card information                                  # tek.sdet.framework.steps.RetailAccountSteps.userFillDebitOrCreditCardInformation(io.cucumber.datatable.DataTable)
    | cardNumber | nameOnCard | expirationMonth | expirationYear | securityCode |
    | cardNumber | fullName   | 6               | 2025           | 235          |
 INFO [main] (RetailAccountSteps.java:95)- User click on Add Your Card Button
  And User click on Add your card button                                          # tek.sdet.framework.steps.RetailAccountSteps.userClickOnAddYourCardButton()
 INFO [main] (RetailAccountSteps.java:102)- Payment Method added sucessfully
  Then Card added message should be displayed 'Payment Method added sucessfully'  # tek.sdet.framework.steps.RetailAccountSteps.cardMessageShouldBeDisplayed(java.lang.String)
]]></system-out>
    <system-err><![CDATA[Starting Microsoft Edge WebDriver 111.0.1661.51 (5b30e0e79e572b7d6873934eb1b328c220c72c9b) on port 50155
To submit feedback, report a bug, or suggest new features, please visit https://github.com/MicrosoftEdge/EdgeWebDriver

Only local connections are allowed.
Please see https://aka.ms/WebDriverSecurity for suggestions on keeping Microsoft Edge WebDriver safe.

Microsoft Edge WebDriver was started successfully.
Mar 24, 2023 4:21:37 PM org.openqa.selenium.remote.ProtocolHandshake createSession
INFO: Detected upstream dialect: W3C
Mar 24, 2023 4:21:37 PM org.openqa.selenium.devtools.CdpVersionFinder findNearestMatch
WARNING: Unable to find an exact match for CDP version 111, so returning the closest version found: a no-op implementation
Mar 24, 2023 4:21:37 PM org.openqa.selenium.devtools.CdpVersionFinder findNearestMatch
INFO: Unable to find CDP implementation matching 111.
Mar 24, 2023 4:21:37 PM org.openqa.selenium.chromium.ChromiumDriver lambda$new$3
WARNING: Unable to find version of CDP to use for . You may need to include a dependency on a specific version of the CDP using something similar to `org.seleniumhq.selenium:selenium-devtools-v86:4.4.0` where the version ("v86") matches the version of the chromium-based browser you're using and the version number of the artifact is the same as Selenium's.
]]></system-err>
  </testcase>
  <testcase name="Verify User can edit Debit or Credit card" classname="Retail Application Account Feature" time="10.198">
    <system-out><![CDATA[
@completeTest @editCard
Scenario: Verify User can edit Debit or Credit card                                   # features/RetailAccount.feature:29
 INFO [main] (RetailHomeSteps.java:26)- user is on retail website
 INFO [main] (RetailHomeSteps.java:27)- Actual Title React App Equals  ExpectedTitle React App
  Given User is on retail website                                                     # tek.sdet.framework.steps.RetailHomeSteps.userIsOnRetailWebsite()
 INFO [main] (SignInSteps.java:22)- User clicked on Sign in Option
  When User click on Sign in option                                                   # tek.sdet.framework.steps.SignInSteps.userClickOnSignInOption()
 INFO [main] (SignInSteps.java:29)- user entered email mohruniyozmamadova@gmail.com and password Zarrina1964!
  And User enter email 'mohruniyozmamadova@gmail.com' and password 'Zarrina1964!'     # tek.sdet.framework.steps.SignInSteps.userEnterEmailAndPassword(java.lang.String,java.lang.String)
 INFO [main] (SignInSteps.java:35)- user clicked on login button
  And User click on login button                                                      # tek.sdet.framework.steps.SignInSteps.userClickOnLoginButton()
  And User should be logged in into Account                                           # tek.sdet.framework.steps.SignInSteps.userShouldBeLoggedInIntoAccount()
 INFO [main] (RetailAccountSteps.java:23)- user clicked on Account option
  When User click on Account option                                                   # tek.sdet.framework.steps.RetailAccountSteps.userClickOnAccountOption()
 INFO [main] (RetailAccountSteps.java:111)- User choose first card and clicked in Edit Button
  And User click on Edit option of card section                                       # tek.sdet.framework.steps.RetailAccountSteps.userClickOnEditOptionOfCardSection()
 INFO [main] (RetailAccountSteps.java:125)- Usser filled updated card info
  And user edit information with below data                                           # tek.sdet.framework.steps.RetailAccountSteps.userEditInformationWithBelowData(io.cucumber.datatable.DataTable)
    | cardNumber | nameOnCard | expirationMonth | expirationYear | securityCode |
    | cardNumber | fullName   | 8               | 2026           | 666          |
 INFO [main] (RetailAccountSteps.java:131)- user clicked on update button
  And user click on Update Your Card button                                           # tek.sdet.framework.steps.RetailAccountSteps.userClickOnUpdateYourCardButton()
 INFO [main] (RetailAccountSteps.java:138)- Payment Method updated Successfully
  Then Card updated message should be displayed 'Payment Method updated Successfully' # tek.sdet.framework.steps.RetailAccountSteps.cardUpdatedMessageShouldBeDisplayed(java.lang.String)
]]></system-out>
    <system-err><![CDATA[Starting Microsoft Edge WebDriver 111.0.1661.51 (5b30e0e79e572b7d6873934eb1b328c220c72c9b) on port 49788
To submit feedback, report a bug, or suggest new features, please visit https://github.com/MicrosoftEdge/EdgeWebDriver

Only local connections are allowed.
Please see https://aka.ms/WebDriverSecurity for suggestions on keeping Microsoft Edge WebDriver safe.

Microsoft Edge WebDriver was started successfully.
Mar 24, 2023 4:21:47 PM org.openqa.selenium.remote.ProtocolHandshake createSession
INFO: Detected upstream dialect: W3C
Mar 24, 2023 4:21:47 PM org.openqa.selenium.devtools.CdpVersionFinder findNearestMatch
WARNING: Unable to find an exact match for CDP version 111, so returning the closest version found: a no-op implementation
Mar 24, 2023 4:21:47 PM org.openqa.selenium.devtools.CdpVersionFinder findNearestMatch
INFO: Unable to find CDP implementation matching 111.
Mar 24, 2023 4:21:47 PM org.openqa.selenium.chromium.ChromiumDriver lambda$new$3
WARNING: Unable to find version of CDP to use for . You may need to include a dependency on a specific version of the CDP using something similar to `org.seleniumhq.selenium:selenium-devtools-v86:4.4.0` where the version ("v86") matches the version of the chromium-based browser you're using and the version number of the artifact is the same as Selenium's.
]]></system-err>
  </testcase>
  <testcase name="Verify User can remove Debit or Credit card" classname="Retail Application Account Feature" time="8.472">
    <system-out><![CDATA[
@completeTest @removeCard
Scenario: Verify User can remove Debit or Credit card                             # features/RetailAccount.feature:39
 INFO [main] (RetailHomeSteps.java:26)- user is on retail website
 INFO [main] (RetailHomeSteps.java:27)- Actual Title React App Equals  ExpectedTitle React App
  Given User is on retail website                                                 # tek.sdet.framework.steps.RetailHomeSteps.userIsOnRetailWebsite()
 INFO [main] (SignInSteps.java:22)- User clicked on Sign in Option
  When User click on Sign in option                                               # tek.sdet.framework.steps.SignInSteps.userClickOnSignInOption()
 INFO [main] (SignInSteps.java:29)- user entered email mohruniyozmamadova@gmail.com and password Zarrina1964!
  And User enter email 'mohruniyozmamadova@gmail.com' and password 'Zarrina1964!' # tek.sdet.framework.steps.SignInSteps.userEnterEmailAndPassword(java.lang.String,java.lang.String)
 INFO [main] (SignInSteps.java:35)- user clicked on login button
  And User click on login button                                                  # tek.sdet.framework.steps.SignInSteps.userClickOnLoginButton()
  And User should be logged in into Account                                       # tek.sdet.framework.steps.SignInSteps.userShouldBeLoggedInIntoAccount()
 INFO [main] (RetailAccountSteps.java:23)- user clicked on Account option
  When User click on Account option                                               # tek.sdet.framework.steps.RetailAccountSteps.userClickOnAccountOption()
 INFO [main] (RetailAccountSteps.java:146)- User selected card for remove
  And User click on remove option of card section                                 # tek.sdet.framework.steps.RetailAccountSteps.userClickOnRemoveOptionOfCardSection()
 INFO [main] (RetailAccountSteps.java:153)- Master Card
Debit Card Ending in .... 8281 Card removed successfully!
  Then payment details should be removed                                          # tek.sdet.framework.steps.RetailAccountSteps.paymentDetailsShouldBeRemoved()
]]></system-out>
    <system-err><![CDATA[Starting Microsoft Edge WebDriver 111.0.1661.51 (5b30e0e79e572b7d6873934eb1b328c220c72c9b) on port 64423
To submit feedback, report a bug, or suggest new features, please visit https://github.com/MicrosoftEdge/EdgeWebDriver

Only local connections are allowed.
Please see https://aka.ms/WebDriverSecurity for suggestions on keeping Microsoft Edge WebDriver safe.

Microsoft Edge WebDriver was started successfully.
Mar 24, 2023 4:21:56 PM org.openqa.selenium.remote.ProtocolHandshake createSession
INFO: Detected upstream dialect: W3C
Mar 24, 2023 4:21:56 PM org.openqa.selenium.devtools.CdpVersionFinder findNearestMatch
WARNING: Unable to find an exact match for CDP version 111, so returning the closest version found: a no-op implementation
Mar 24, 2023 4:21:56 PM org.openqa.selenium.devtools.CdpVersionFinder findNearestMatch
INFO: Unable to find CDP implementation matching 111.
Mar 24, 2023 4:21:56 PM org.openqa.selenium.chromium.ChromiumDriver lambda$new$3
WARNING: Unable to find version of CDP to use for . You may need to include a dependency on a specific version of the CDP using something similar to `org.seleniumhq.selenium:selenium-devtools-v86:4.4.0` where the version ("v86") matches the version of the chromium-based browser you're using and the version number of the artifact is the same as Selenium's.
]]></system-err>
  </testcase>
  <testcase name="Verify User can add  an Address" classname="Retail Application Account Feature" time="9.868">
    <system-out><![CDATA[
@completeTest @addAddress
Scenario: Verify User can add  an Address                                         # features/RetailAccount.feature:45
 INFO [main] (RetailHomeSteps.java:26)- user is on retail website
 INFO [main] (RetailHomeSteps.java:27)- Actual Title React App Equals  ExpectedTitle React App
  Given User is on retail website                                                 # tek.sdet.framework.steps.RetailHomeSteps.userIsOnRetailWebsite()
 INFO [main] (SignInSteps.java:22)- User clicked on Sign in Option
  When User click on Sign in option                                               # tek.sdet.framework.steps.SignInSteps.userClickOnSignInOption()
 INFO [main] (SignInSteps.java:29)- user entered email mohruniyozmamadova@gmail.com and password Zarrina1964!
  And User enter email 'mohruniyozmamadova@gmail.com' and password 'Zarrina1964!' # tek.sdet.framework.steps.SignInSteps.userEnterEmailAndPassword(java.lang.String,java.lang.String)
 INFO [main] (SignInSteps.java:35)- user clicked on login button
  And User click on login button                                                  # tek.sdet.framework.steps.SignInSteps.userClickOnLoginButton()
  And User should be logged in into Account                                       # tek.sdet.framework.steps.SignInSteps.userShouldBeLoggedInIntoAccount()
 INFO [main] (RetailAccountSteps.java:23)- user clicked on Account option
  When User click on Account option                                               # tek.sdet.framework.steps.RetailAccountSteps.userClickOnAccountOption()
 INFO [main] (RetailAccountSteps.java:162)- user clicked on Add address option
  And User click on  Add address option                                           # tek.sdet.framework.steps.RetailAccountSteps.userClickOnAddAddressOption()
 INFO [main] (RetailAccountSteps.java:176)- user filled the new address form with information provided in data table
  And User fill new address form with below information                           # tek.sdet.framework.steps.RetailAccountSteps.userFllNewAddressFormWithBelowInformation(io.cucumber.datatable.DataTable)
    | country | fullName | PhoneNumber | StreetAddress | apt | city | state | zipCode |
 INFO [main] (RetailAccountSteps.java:182)- user clicked on Add your Address button
  And User click Add Your Address button                                          # tek.sdet.framework.steps.RetailAccountSteps.userClickAddYourAddressButton()
  Then Address message should be displayed 'Address Added Successfully'           # tek.sdet.framework.steps.RetailAccountSteps.aMessageShouldBeDisplayed(java.lang.String)
]]></system-out>
    <system-err><![CDATA[Starting Microsoft Edge WebDriver 111.0.1661.51 (5b30e0e79e572b7d6873934eb1b328c220c72c9b) on port 56482
To submit feedback, report a bug, or suggest new features, please visit https://github.com/MicrosoftEdge/EdgeWebDriver

Only local connections are allowed.
Please see https://aka.ms/WebDriverSecurity for suggestions on keeping Microsoft Edge WebDriver safe.

Microsoft Edge WebDriver was started successfully.
Mar 24, 2023 4:22:05 PM org.openqa.selenium.remote.ProtocolHandshake createSession
INFO: Detected upstream dialect: W3C
Mar 24, 2023 4:22:05 PM org.openqa.selenium.devtools.CdpVersionFinder findNearestMatch
WARNING: Unable to find an exact match for CDP version 111, so returning the closest version found: a no-op implementation
Mar 24, 2023 4:22:05 PM org.openqa.selenium.devtools.CdpVersionFinder findNearestMatch
INFO: Unable to find CDP implementation matching 111.
Mar 24, 2023 4:22:05 PM org.openqa.selenium.chromium.ChromiumDriver lambda$new$3
WARNING: Unable to find version of CDP to use for . You may need to include a dependency on a specific version of the CDP using something similar to `org.seleniumhq.selenium:selenium-devtools-v86:4.4.0` where the version ("v86") matches the version of the chromium-based browser you're using and the version number of the artifact is the same as Selenium's.
]]></system-err>
  </testcase>
  <testcase name="Verify User can edit an Address added on account" classname="Retail Application Account Feature" time="11.5">
    <system-out><![CDATA[
@completeTest @editAddress
Scenario: Verify User can edit an Address added on account                        # features/RetailAccount.feature:54
 INFO [main] (RetailHomeSteps.java:26)- user is on retail website
 INFO [main] (RetailHomeSteps.java:27)- Actual Title React App Equals  ExpectedTitle React App
  Given User is on retail website                                                 # tek.sdet.framework.steps.RetailHomeSteps.userIsOnRetailWebsite()
 INFO [main] (SignInSteps.java:22)- User clicked on Sign in Option
  When User click on Sign in option                                               # tek.sdet.framework.steps.SignInSteps.userClickOnSignInOption()
 INFO [main] (SignInSteps.java:29)- user entered email mohruniyozmamadova@gmail.com and password Zarrina1964!
  And User enter email 'mohruniyozmamadova@gmail.com' and password 'Zarrina1964!' # tek.sdet.framework.steps.SignInSteps.userEnterEmailAndPassword(java.lang.String,java.lang.String)
 INFO [main] (SignInSteps.java:35)- user clicked on login button
  And User click on login button                                                  # tek.sdet.framework.steps.SignInSteps.userClickOnLoginButton()
  And User should be logged in into Account                                       # tek.sdet.framework.steps.SignInSteps.userShouldBeLoggedInIntoAccount()
 INFO [main] (RetailAccountSteps.java:23)- user clicked on Account option
  When User click on Account option                                               # tek.sdet.framework.steps.RetailAccountSteps.userClickOnAccountOption()
 INFO [main] (RetailAccountSteps.java:195)- User clicked on Edit button in the address
  And User click on edit address option                                           # tek.sdet.framework.steps.RetailAccountSteps.userClickOnEditAddressOption()
 INFO [main] (RetailAccountSteps.java:215)- user filled the update address form with information provided in data table
  And user fill new address form with below information                           # tek.sdet.framework.steps.RetailAccountSteps.userFillNewAddressFormWithBelowInformation(io.cucumber.datatable.DataTable)
    | country | fullName | PhoneNumber | StreetAddress | apt | city | state | zipCode |
 INFO [main] (RetailAccountSteps.java:221)- User clicked on Update Address Button
  And User click update Your Address button                                       # tek.sdet.framework.steps.RetailAccountSteps.userClickUpdateYourAddressButton()
 INFO [main] (RetailAccountSteps.java:227)- Address Updated Successfully
  Then Updated address message should be displayed 'Address Updated Successfully' # tek.sdet.framework.steps.RetailAccountSteps.updatedAddressMessageShouldBeDisplayed(java.lang.String)
]]></system-out>
    <system-err><![CDATA[Starting Microsoft Edge WebDriver 111.0.1661.51 (5b30e0e79e572b7d6873934eb1b328c220c72c9b) on port 61913
To submit feedback, report a bug, or suggest new features, please visit https://github.com/MicrosoftEdge/EdgeWebDriver

Only local connections are allowed.
Please see https://aka.ms/WebDriverSecurity for suggestions on keeping Microsoft Edge WebDriver safe.

Microsoft Edge WebDriver was started successfully.
Mar 24, 2023 4:22:15 PM org.openqa.selenium.remote.ProtocolHandshake createSession
INFO: Detected upstream dialect: W3C
Mar 24, 2023 4:22:15 PM org.openqa.selenium.devtools.CdpVersionFinder findNearestMatch
WARNING: Unable to find an exact match for CDP version 111, so returning the closest version found: a no-op implementation
Mar 24, 2023 4:22:15 PM org.openqa.selenium.devtools.CdpVersionFinder findNearestMatch
INFO: Unable to find CDP implementation matching 111.
Mar 24, 2023 4:22:15 PM org.openqa.selenium.chromium.ChromiumDriver lambda$new$3
WARNING: Unable to find version of CDP to use for . You may need to include a dependency on a specific version of the CDP using something similar to `org.seleniumhq.selenium:selenium-devtools-v86:4.4.0` where the version ("v86") matches the version of the chromium-based browser you're using and the version number of the artifact is the same as Selenium's.
]]></system-err>
  </testcase>
  <testcase name="Verify User can remove Address from Account" classname="Retail Application Account Feature" time="8.465">
    <system-out><![CDATA[
@completeTest @removeAddress
Scenario: Verify User can remove Address from Account                             # features/RetailAccount.feature:63
 INFO [main] (RetailHomeSteps.java:26)- user is on retail website
 INFO [main] (RetailHomeSteps.java:27)- Actual Title React App Equals  ExpectedTitle React App
  Given User is on retail website                                                 # tek.sdet.framework.steps.RetailHomeSteps.userIsOnRetailWebsite()
 INFO [main] (SignInSteps.java:22)- User clicked on Sign in Option
  When User click on Sign in option                                               # tek.sdet.framework.steps.SignInSteps.userClickOnSignInOption()
 INFO [main] (SignInSteps.java:29)- user entered email mohruniyozmamadova@gmail.com and password Zarrina1964!
  And User enter email 'mohruniyozmamadova@gmail.com' and password 'Zarrina1964!' # tek.sdet.framework.steps.SignInSteps.userEnterEmailAndPassword(java.lang.String,java.lang.String)
 INFO [main] (SignInSteps.java:35)- user clicked on login button
  And User click on login button                                                  # tek.sdet.framework.steps.SignInSteps.userClickOnLoginButton()
  And User should be logged in into Account                                       # tek.sdet.framework.steps.SignInSteps.userShouldBeLoggedInIntoAccount()
 INFO [main] (RetailAccountSteps.java:23)- user clicked on Account option
  When User click on Account option                                               # tek.sdet.framework.steps.RetailAccountSteps.userClickOnAccountOption()
 INFO [main] (RetailAccountSteps.java:237)- User clicked in Remove Button
  And User click on remove option of Address section                              # tek.sdet.framework.steps.RetailAccountSteps.userClickOnRemoveOptionOfAddressSection()
 INFO [main] (RetailAccountSteps.java:243)- Janessa Berge
7298 Crist Bridge
Apt. 215
WEST DEBORAH , MONTANA 71156
United States
phone Number: (910) 904-5240
Edit
|
Remove User delete the address from the account
  Then Address details should be removed                                          # tek.sdet.framework.steps.RetailAccountSteps.addressDetailsShouldBeRemoved()
]]></system-out>
    <system-err><![CDATA[Starting Microsoft Edge WebDriver 111.0.1661.51 (5b30e0e79e572b7d6873934eb1b328c220c72c9b) on port 62040
To submit feedback, report a bug, or suggest new features, please visit https://github.com/MicrosoftEdge/EdgeWebDriver

Only local connections are allowed.
Please see https://aka.ms/WebDriverSecurity for suggestions on keeping Microsoft Edge WebDriver safe.

Microsoft Edge WebDriver was started successfully.
Mar 24, 2023 4:22:27 PM org.openqa.selenium.remote.ProtocolHandshake createSession
INFO: Detected upstream dialect: W3C
Mar 24, 2023 4:22:27 PM org.openqa.selenium.devtools.CdpVersionFinder findNearestMatch
WARNING: Unable to find an exact match for CDP version 111, so returning the closest version found: a no-op implementation
Mar 24, 2023 4:22:27 PM org.openqa.selenium.devtools.CdpVersionFinder findNearestMatch
INFO: Unable to find CDP implementation matching 111.
Mar 24, 2023 4:22:27 PM org.openqa.selenium.chromium.ChromiumDriver lambda$new$3
WARNING: Unable to find version of CDP to use for . You may need to include a dependency on a specific version of the CDP using something similar to `org.seleniumhq.selenium:selenium-devtools-v86:4.4.0` where the version ("v86") matches the version of the chromium-based browser you're using and the version number of the artifact is the same as Selenium's.
]]></system-err>
  </testcase>
  <testcase name="Verify User can Update password #1" classname="Retail Application Account Password Update Feature" time="10.195">
    <system-out><![CDATA[
@completeTest
Scenario Outline: Verify User can Update password                    # features/RetailAccountUpdatePassword.feature:19
 INFO [main] (RetailHomeSteps.java:26)- user is on retail website
 INFO [main] (RetailHomeSteps.java:27)- Actual Title React App Equals  ExpectedTitle React App
  Given User is on retail website                                    # tek.sdet.framework.steps.RetailHomeSteps.userIsOnRetailWebsite()
 INFO [main] (SignInSteps.java:22)- User clicked on Sign in Option
  When User click on Sign in option                                  # tek.sdet.framework.steps.SignInSteps.userClickOnSignInOption()
 INFO [main] (SignInSteps.java:29)- user entered email mona87@test.com and password Mona1987!
  And User enter email 'mona87@test.com' and password 'Mona1987!'    # tek.sdet.framework.steps.SignInSteps.userEnterEmailAndPassword(java.lang.String,java.lang.String)
 INFO [main] (SignInSteps.java:35)- user clicked on login button
  And User click on login button                                     # tek.sdet.framework.steps.SignInSteps.userClickOnLoginButton()
  And User should be logged in into Account                          # tek.sdet.framework.steps.SignInSteps.userShouldBeLoggedInIntoAccount()
 INFO [main] (RetailAccountSteps.java:23)- user clicked on Account option
  When User click on Account option                                  # tek.sdet.framework.steps.RetailAccountSteps.userClickOnAccountOption()
 INFO [main] (RetailAccountSteps.java:55)- User entered old password   and updated to new password'
  And User enter below information                                   # tek.sdet.framework.steps.RetailAccountSteps.userEnterBelowInformation(io.cucumber.datatable.DataTable)
    | previousPassword | newPassword | confirmPassword |
    | Mona1987!        | Test12345!  | Test12345!      |
 INFO [main] (RetailAccountSteps.java:62)- User clicked on change Password Button
  And User click on Change Password button                           # tek.sdet.framework.steps.RetailAccountSteps.userClickOnChangePasswordButton()
 INFO [main] (RetailAccountSteps.java:69)- Password Updated Successfully
  Then a message should be displayed 'Password Updated Successfully' # tek.sdet.framework.steps.RetailAccountSteps.aMessageShouldBeDisplayedPasswordUpdatedSuccessfully(java.lang.String)
]]></system-out>
    <system-err><![CDATA[Starting Microsoft Edge WebDriver 111.0.1661.51 (5b30e0e79e572b7d6873934eb1b328c220c72c9b) on port 61117
To submit feedback, report a bug, or suggest new features, please visit https://github.com/MicrosoftEdge/EdgeWebDriver

Only local connections are allowed.
Please see https://aka.ms/WebDriverSecurity for suggestions on keeping Microsoft Edge WebDriver safe.

Microsoft Edge WebDriver was started successfully.
Mar 24, 2023 4:22:36 PM org.openqa.selenium.remote.ProtocolHandshake createSession
INFO: Detected upstream dialect: W3C
Mar 24, 2023 4:22:36 PM org.openqa.selenium.devtools.CdpVersionFinder findNearestMatch
WARNING: Unable to find an exact match for CDP version 111, so returning the closest version found: a no-op implementation
Mar 24, 2023 4:22:36 PM org.openqa.selenium.devtools.CdpVersionFinder findNearestMatch
INFO: Unable to find CDP implementation matching 111.
Mar 24, 2023 4:22:36 PM org.openqa.selenium.chromium.ChromiumDriver lambda$new$3
WARNING: Unable to find version of CDP to use for . You may need to include a dependency on a specific version of the CDP using something similar to `org.seleniumhq.selenium:selenium-devtools-v86:4.4.0` where the version ("v86") matches the version of the chromium-based browser you're using and the version number of the artifact is the same as Selenium's.
]]></system-err>
  </testcase>
  <testcase name="Verify User can Update password #2" classname="Retail Application Account Password Update Feature" time="9.889">
    <system-out><![CDATA[
@completeTest
Scenario Outline: Verify User can Update password                    # features/RetailAccountUpdatePassword.feature:20
 INFO [main] (RetailHomeSteps.java:26)- user is on retail website
 INFO [main] (RetailHomeSteps.java:27)- Actual Title React App Equals  ExpectedTitle React App
  Given User is on retail website                                    # tek.sdet.framework.steps.RetailHomeSteps.userIsOnRetailWebsite()
 INFO [main] (SignInSteps.java:22)- User clicked on Sign in Option
  When User click on Sign in option                                  # tek.sdet.framework.steps.SignInSteps.userClickOnSignInOption()
 INFO [main] (SignInSteps.java:29)- user entered email mona87@test.com and password Test12345!
  And User enter email 'mona87@test.com' and password 'Test12345!'   # tek.sdet.framework.steps.SignInSteps.userEnterEmailAndPassword(java.lang.String,java.lang.String)
 INFO [main] (SignInSteps.java:35)- user clicked on login button
  And User click on login button                                     # tek.sdet.framework.steps.SignInSteps.userClickOnLoginButton()
  And User should be logged in into Account                          # tek.sdet.framework.steps.SignInSteps.userShouldBeLoggedInIntoAccount()
 INFO [main] (RetailAccountSteps.java:23)- user clicked on Account option
  When User click on Account option                                  # tek.sdet.framework.steps.RetailAccountSteps.userClickOnAccountOption()
 INFO [main] (RetailAccountSteps.java:55)- User entered old password   and updated to new password'
  And User enter below information                                   # tek.sdet.framework.steps.RetailAccountSteps.userEnterBelowInformation(io.cucumber.datatable.DataTable)
    | previousPassword | newPassword | confirmPassword |
    | Test12345!       | Mona1987!   | Mona1987!       |
 INFO [main] (RetailAccountSteps.java:62)- User clicked on change Password Button
  And User click on Change Password button                           # tek.sdet.framework.steps.RetailAccountSteps.userClickOnChangePasswordButton()
 INFO [main] (RetailAccountSteps.java:69)- Password Updated Successfully
  Then a message should be displayed 'Password Updated Successfully' # tek.sdet.framework.steps.RetailAccountSteps.aMessageShouldBeDisplayedPasswordUpdatedSuccessfully(java.lang.String)
]]></system-out>
    <system-err><![CDATA[Starting Microsoft Edge WebDriver 111.0.1661.51 (5b30e0e79e572b7d6873934eb1b328c220c72c9b) on port 53893
To submit feedback, report a bug, or suggest new features, please visit https://github.com/MicrosoftEdge/EdgeWebDriver

Only local connections are allowed.
Please see https://aka.ms/WebDriverSecurity for suggestions on keeping Microsoft Edge WebDriver safe.

Microsoft Edge WebDriver was started successfully.
Mar 24, 2023 4:22:46 PM org.openqa.selenium.remote.ProtocolHandshake createSession
INFO: Detected upstream dialect: W3C
Mar 24, 2023 4:22:46 PM org.openqa.selenium.devtools.CdpVersionFinder findNearestMatch
WARNING: Unable to find an exact match for CDP version 111, so returning the closest version found: a no-op implementation
Mar 24, 2023 4:22:46 PM org.openqa.selenium.devtools.CdpVersionFinder findNearestMatch
INFO: Unable to find CDP implementation matching 111.
Mar 24, 2023 4:22:46 PM org.openqa.selenium.chromium.ChromiumDriver lambda$new$3
WARNING: Unable to find version of CDP to use for . You may need to include a dependency on a specific version of the CDP using something similar to `org.seleniumhq.selenium:selenium-devtools-v86:4.4.0` where the version ("v86") matches the version of the chromium-based browser you're using and the version number of the artifact is the same as Selenium's.
]]></system-err>
  </testcase>
  <testcase name="Verify user can search a product" classname="This feature is use for testing UI of Retail page" time="7.834">
    <system-out><![CDATA[
@completeTest
Scenario: Verify user can search a product # features/RetailHome.feature:4
 INFO [main] (RetailHomeSteps.java:26)- user is on retail website
 INFO [main] (RetailHomeSteps.java:27)- Actual Title React App Equals  ExpectedTitle React App
  Given User is on retail website          # tek.sdet.framework.steps.RetailHomeSteps.userIsOnRetailWebsite()
 INFO [main] (RetailHomeSteps.java:35)- user searched for product pokemon
  When User search for "pokemon" product   # tek.sdet.framework.steps.RetailHomeSteps.userSearchForProduct(java.lang.String)
 INFO [main] (RetailHomeSteps.java:41)- the Product is displayed on home page
  Then The product should be displayed     # tek.sdet.framework.steps.RetailHomeSteps.theProductShouldBeDisplayed()
]]></system-out>
    <system-err><![CDATA[Starting Microsoft Edge WebDriver 111.0.1661.51 (5b30e0e79e572b7d6873934eb1b328c220c72c9b) on port 60358
To submit feedback, report a bug, or suggest new features, please visit https://github.com/MicrosoftEdge/EdgeWebDriver

Only local connections are allowed.
Please see https://aka.ms/WebDriverSecurity for suggestions on keeping Microsoft Edge WebDriver safe.

Microsoft Edge WebDriver was started successfully.
Mar 24, 2023 4:22:55 PM org.openqa.selenium.remote.ProtocolHandshake createSession
INFO: Detected upstream dialect: W3C
Mar 24, 2023 4:22:55 PM org.openqa.selenium.devtools.CdpVersionFinder findNearestMatch
WARNING: Unable to find an exact match for CDP version 111, so returning the closest version found: a no-op implementation
Mar 24, 2023 4:22:55 PM org.openqa.selenium.devtools.CdpVersionFinder findNearestMatch
INFO: Unable to find CDP implementation matching 111.
Mar 24, 2023 4:22:55 PM org.openqa.selenium.chromium.ChromiumDriver lambda$new$3
WARNING: Unable to find version of CDP to use for . You may need to include a dependency on a specific version of the CDP using something similar to `org.seleniumhq.selenium:selenium-devtools-v86:4.4.0` where the version ("v86") matches the version of the chromium-based browser you're using and the version number of the artifact is the same as Selenium's.
]]></system-err>
  </testcase>
  <testcase name="Verify Shop by Department sidebar" classname="This feature is use for testing UI of Retail page" time="7.688">
    <system-out><![CDATA[
@completeTest
Scenario: Verify Shop by Department sidebar                    # features/RetailHome.feature:9
 INFO [main] (RetailHomeSteps.java:26)- user is on retail website
 INFO [main] (RetailHomeSteps.java:27)- Actual Title React App Equals  ExpectedTitle React App
  Given User is on retail website                              # tek.sdet.framework.steps.RetailHomeSteps.userIsOnRetailWebsite()
 INFO [main] (RetailHomeSteps.java:48)- user clicked on All section
  When User click on All section                               # tek.sdet.framework.steps.RetailHomeSteps.userClickOnAllSection()
 INFO [main] (RetailHomeSteps.java:60)- Electronics is equal to Electronics
 INFO [main] (RetailHomeSteps.java:60)- Computers is equal to Computers
 INFO [main] (RetailHomeSteps.java:60)- Smart Home is equal to Smart Home
 INFO [main] (RetailHomeSteps.java:60)- Sports is equal to Sports
 INFO [main] (RetailHomeSteps.java:60)- Automative is equal to Automative
  Then below options are present in shop by department sidebar # tek.sdet.framework.steps.RetailHomeSteps.belowOptionsArePresentInShopByDepartmentSidebar(io.cucumber.datatable.DataTable)
    | Electronics | Computers | Smart Home | Sports | Automative |
]]></system-out>
    <system-err><![CDATA[Starting Microsoft Edge WebDriver 111.0.1661.51 (5b30e0e79e572b7d6873934eb1b328c220c72c9b) on port 56731
To submit feedback, report a bug, or suggest new features, please visit https://github.com/MicrosoftEdge/EdgeWebDriver

Only local connections are allowed.
Please see https://aka.ms/WebDriverSecurity for suggestions on keeping Microsoft Edge WebDriver safe.

Microsoft Edge WebDriver was started successfully.
Mar 24, 2023 4:23:03 PM org.openqa.selenium.remote.ProtocolHandshake createSession
INFO: Detected upstream dialect: W3C
Mar 24, 2023 4:23:03 PM org.openqa.selenium.devtools.CdpVersionFinder findNearestMatch
WARNING: Unable to find an exact match for CDP version 111, so returning the closest version found: a no-op implementation
Mar 24, 2023 4:23:03 PM org.openqa.selenium.devtools.CdpVersionFinder findNearestMatch
INFO: Unable to find CDP implementation matching 111.
Mar 24, 2023 4:23:03 PM org.openqa.selenium.chromium.ChromiumDriver lambda$new$3
WARNING: Unable to find version of CDP to use for . You may need to include a dependency on a specific version of the CDP using something similar to `org.seleniumhq.selenium:selenium-devtools-v86:4.4.0` where the version ("v86") matches the version of the chromium-based browser you're using and the version number of the artifact is the same as Selenium's.
]]></system-err>
  </testcase>
  <testcase name="Verify Department sidebar options #1" classname="This feature is use for testing UI of Retail page" time="7.956">
    <system-out><![CDATA[
@completeTest
Scenario Outline: Verify Department sidebar options # features/RetailHome.feature:24
 INFO [main] (RetailHomeSteps.java:26)- user is on retail website
 INFO [main] (RetailHomeSteps.java:27)- Actual Title React App Equals  ExpectedTitle React App
  Given User is on retail website                   # tek.sdet.framework.steps.RetailHomeSteps.userIsOnRetailWebsite()
 INFO [main] (RetailHomeSteps.java:48)- user clicked on All section
  When User click on All section                    # tek.sdet.framework.steps.RetailHomeSteps.userClickOnAllSection()
  And User on 'Electronics'                         # tek.sdet.framework.steps.RetailHomeSteps.userOnElectronics(java.lang.String)
 INFO [main] (RetailHomeSteps.java:98)- TV & Video is present 
 INFO [main] (RetailHomeSteps.java:98)- Video Games is present 
  Then below options are present in department      # tek.sdet.framework.steps.RetailHomeSteps.belowOptionsArePresentInDepartment(io.cucumber.datatable.DataTable)
    | TV & Video | Video Games |
]]></system-out>
    <system-err><![CDATA[Starting Microsoft Edge WebDriver 111.0.1661.51 (5b30e0e79e572b7d6873934eb1b328c220c72c9b) on port 54141
To submit feedback, report a bug, or suggest new features, please visit https://github.com/MicrosoftEdge/EdgeWebDriver

Only local connections are allowed.
Please see https://aka.ms/WebDriverSecurity for suggestions on keeping Microsoft Edge WebDriver safe.

Microsoft Edge WebDriver was started successfully.
Mar 24, 2023 4:23:11 PM org.openqa.selenium.remote.ProtocolHandshake createSession
INFO: Detected upstream dialect: W3C
Mar 24, 2023 4:23:11 PM org.openqa.selenium.devtools.CdpVersionFinder findNearestMatch
WARNING: Unable to find an exact match for CDP version 111, so returning the closest version found: a no-op implementation
Mar 24, 2023 4:23:11 PM org.openqa.selenium.devtools.CdpVersionFinder findNearestMatch
INFO: Unable to find CDP implementation matching 111.
Mar 24, 2023 4:23:11 PM org.openqa.selenium.chromium.ChromiumDriver lambda$new$3
WARNING: Unable to find version of CDP to use for . You may need to include a dependency on a specific version of the CDP using something similar to `org.seleniumhq.selenium:selenium-devtools-v86:4.4.0` where the version ("v86") matches the version of the chromium-based browser you're using and the version number of the artifact is the same as Selenium's.
]]></system-err>
  </testcase>
  <testcase name="Verify Department sidebar options #2" classname="This feature is use for testing UI of Retail page" time="7.971">
    <system-out><![CDATA[
@completeTest
Scenario Outline: Verify Department sidebar options # features/RetailHome.feature:25
 INFO [main] (RetailHomeSteps.java:26)- user is on retail website
 INFO [main] (RetailHomeSteps.java:27)- Actual Title React App Equals  ExpectedTitle React App
  Given User is on retail website                   # tek.sdet.framework.steps.RetailHomeSteps.userIsOnRetailWebsite()
 INFO [main] (RetailHomeSteps.java:48)- user clicked on All section
  When User click on All section                    # tek.sdet.framework.steps.RetailHomeSteps.userClickOnAllSection()
  And User on 'Computers'                           # tek.sdet.framework.steps.RetailHomeSteps.userOnElectronics(java.lang.String)
 INFO [main] (RetailHomeSteps.java:98)- Accessories is present 
 INFO [main] (RetailHomeSteps.java:98)- Networking is present 
  Then below options are present in department      # tek.sdet.framework.steps.RetailHomeSteps.belowOptionsArePresentInDepartment(io.cucumber.datatable.DataTable)
    | Accessories | Networking |
]]></system-out>
    <system-err><![CDATA[Starting Microsoft Edge WebDriver 111.0.1661.51 (5b30e0e79e572b7d6873934eb1b328c220c72c9b) on port 57109
To submit feedback, report a bug, or suggest new features, please visit https://github.com/MicrosoftEdge/EdgeWebDriver

Only local connections are allowed.
Please see https://aka.ms/WebDriverSecurity for suggestions on keeping Microsoft Edge WebDriver safe.

Microsoft Edge WebDriver was started successfully.
Mar 24, 2023 4:23:19 PM org.openqa.selenium.remote.ProtocolHandshake createSession
INFO: Detected upstream dialect: W3C
Mar 24, 2023 4:23:19 PM org.openqa.selenium.devtools.CdpVersionFinder findNearestMatch
WARNING: Unable to find an exact match for CDP version 111, so returning the closest version found: a no-op implementation
Mar 24, 2023 4:23:19 PM org.openqa.selenium.devtools.CdpVersionFinder findNearestMatch
INFO: Unable to find CDP implementation matching 111.
Mar 24, 2023 4:23:19 PM org.openqa.selenium.chromium.ChromiumDriver lambda$new$3
WARNING: Unable to find version of CDP to use for . You may need to include a dependency on a specific version of the CDP using something similar to `org.seleniumhq.selenium:selenium-devtools-v86:4.4.0` where the version ("v86") matches the version of the chromium-based browser you're using and the version number of the artifact is the same as Selenium's.
]]></system-err>
  </testcase>
  <testcase name="Verify Department sidebar options #3" classname="This feature is use for testing UI of Retail page" time="7.68">
    <system-out><![CDATA[
@completeTest
Scenario Outline: Verify Department sidebar options # features/RetailHome.feature:26
 INFO [main] (RetailHomeSteps.java:26)- user is on retail website
 INFO [main] (RetailHomeSteps.java:27)- Actual Title React App Equals  ExpectedTitle React App
  Given User is on retail website                   # tek.sdet.framework.steps.RetailHomeSteps.userIsOnRetailWebsite()
 INFO [main] (RetailHomeSteps.java:48)- user clicked on All section
  When User click on All section                    # tek.sdet.framework.steps.RetailHomeSteps.userClickOnAllSection()
  And User on 'Smart Home'                          # tek.sdet.framework.steps.RetailHomeSteps.userOnElectronics(java.lang.String)
 INFO [main] (RetailHomeSteps.java:98)- Smart Home Lightning is present 
 INFO [main] (RetailHomeSteps.java:98)- Plugs and Outlets is present 
  Then below options are present in department      # tek.sdet.framework.steps.RetailHomeSteps.belowOptionsArePresentInDepartment(io.cucumber.datatable.DataTable)
    | Smart Home Lightning | Plugs and Outlets |
]]></system-out>
    <system-err><![CDATA[Starting Microsoft Edge WebDriver 111.0.1661.51 (5b30e0e79e572b7d6873934eb1b328c220c72c9b) on port 58827
To submit feedback, report a bug, or suggest new features, please visit https://github.com/MicrosoftEdge/EdgeWebDriver

Only local connections are allowed.
Please see https://aka.ms/WebDriverSecurity for suggestions on keeping Microsoft Edge WebDriver safe.

Microsoft Edge WebDriver was started successfully.
Mar 24, 2023 4:23:27 PM org.openqa.selenium.remote.ProtocolHandshake createSession
INFO: Detected upstream dialect: W3C
Mar 24, 2023 4:23:27 PM org.openqa.selenium.devtools.CdpVersionFinder findNearestMatch
WARNING: Unable to find an exact match for CDP version 111, so returning the closest version found: a no-op implementation
Mar 24, 2023 4:23:27 PM org.openqa.selenium.devtools.CdpVersionFinder findNearestMatch
INFO: Unable to find CDP implementation matching 111.
Mar 24, 2023 4:23:27 PM org.openqa.selenium.chromium.ChromiumDriver lambda$new$3
WARNING: Unable to find version of CDP to use for . You may need to include a dependency on a specific version of the CDP using something similar to `org.seleniumhq.selenium:selenium-devtools-v86:4.4.0` where the version ("v86") matches the version of the chromium-based browser you're using and the version number of the artifact is the same as Selenium's.
]]></system-err>
  </testcase>
  <testcase name="Verify Department sidebar options #4" classname="This feature is use for testing UI of Retail page" time="8.017">
    <system-out><![CDATA[
@completeTest
Scenario Outline: Verify Department sidebar options # features/RetailHome.feature:27
 INFO [main] (RetailHomeSteps.java:26)- user is on retail website
 INFO [main] (RetailHomeSteps.java:27)- Actual Title React App Equals  ExpectedTitle React App
  Given User is on retail website                   # tek.sdet.framework.steps.RetailHomeSteps.userIsOnRetailWebsite()
 INFO [main] (RetailHomeSteps.java:48)- user clicked on All section
  When User click on All section                    # tek.sdet.framework.steps.RetailHomeSteps.userClickOnAllSection()
  And User on 'Sports'                              # tek.sdet.framework.steps.RetailHomeSteps.userOnElectronics(java.lang.String)
 INFO [main] (RetailHomeSteps.java:98)- Athletic Clothing is present 
 INFO [main] (RetailHomeSteps.java:98)- Exercise & Fitness is present 
  Then below options are present in department      # tek.sdet.framework.steps.RetailHomeSteps.belowOptionsArePresentInDepartment(io.cucumber.datatable.DataTable)
    | Athletic Clothing | Exercise & Fitness |
]]></system-out>
    <system-err><![CDATA[Starting Microsoft Edge WebDriver 111.0.1661.51 (5b30e0e79e572b7d6873934eb1b328c220c72c9b) on port 64765
To submit feedback, report a bug, or suggest new features, please visit https://github.com/MicrosoftEdge/EdgeWebDriver

Only local connections are allowed.
Please see https://aka.ms/WebDriverSecurity for suggestions on keeping Microsoft Edge WebDriver safe.

Microsoft Edge WebDriver was started successfully.
Mar 24, 2023 4:23:34 PM org.openqa.selenium.remote.ProtocolHandshake createSession
INFO: Detected upstream dialect: W3C
Mar 24, 2023 4:23:34 PM org.openqa.selenium.devtools.CdpVersionFinder findNearestMatch
WARNING: Unable to find an exact match for CDP version 111, so returning the closest version found: a no-op implementation
Mar 24, 2023 4:23:34 PM org.openqa.selenium.devtools.CdpVersionFinder findNearestMatch
INFO: Unable to find CDP implementation matching 111.
Mar 24, 2023 4:23:34 PM org.openqa.selenium.chromium.ChromiumDriver lambda$new$3
WARNING: Unable to find version of CDP to use for . You may need to include a dependency on a specific version of the CDP using something similar to `org.seleniumhq.selenium:selenium-devtools-v86:4.4.0` where the version ("v86") matches the version of the chromium-based browser you're using and the version number of the artifact is the same as Selenium's.
]]></system-err>
  </testcase>
  <testcase name="Verify Department sidebar options #5" classname="This feature is use for testing UI of Retail page" time="7.117">
    <system-out><![CDATA[
@completeTest
Scenario Outline: Verify Department sidebar options # features/RetailHome.feature:28
 INFO [main] (RetailHomeSteps.java:26)- user is on retail website
 INFO [main] (RetailHomeSteps.java:27)- Actual Title React App Equals  ExpectedTitle React App
  Given User is on retail website                   # tek.sdet.framework.steps.RetailHomeSteps.userIsOnRetailWebsite()
 INFO [main] (RetailHomeSteps.java:48)- user clicked on All section
  When User click on All section                    # tek.sdet.framework.steps.RetailHomeSteps.userClickOnAllSection()
  And User on 'Automative'                          # tek.sdet.framework.steps.RetailHomeSteps.userOnElectronics(java.lang.String)
 INFO [main] (RetailHomeSteps.java:98)- Automative Parts & Accessories is present 
 INFO [main] (RetailHomeSteps.java:98)- MotorCycle & Powersports is present 
  Then below options are present in department      # tek.sdet.framework.steps.RetailHomeSteps.belowOptionsArePresentInDepartment(io.cucumber.datatable.DataTable)
    | Automative Parts & Accessories | MotorCycle & Powersports |
]]></system-out>
    <system-err><![CDATA[Starting Microsoft Edge WebDriver 111.0.1661.51 (5b30e0e79e572b7d6873934eb1b328c220c72c9b) on port 56553
To submit feedback, report a bug, or suggest new features, please visit https://github.com/MicrosoftEdge/EdgeWebDriver

Only local connections are allowed.
Please see https://aka.ms/WebDriverSecurity for suggestions on keeping Microsoft Edge WebDriver safe.

Microsoft Edge WebDriver was started successfully.
Mar 24, 2023 4:23:42 PM org.openqa.selenium.remote.ProtocolHandshake createSession
INFO: Detected upstream dialect: W3C
Mar 24, 2023 4:23:42 PM org.openqa.selenium.devtools.CdpVersionFinder findNearestMatch
WARNING: Unable to find an exact match for CDP version 111, so returning the closest version found: a no-op implementation
Mar 24, 2023 4:23:42 PM org.openqa.selenium.devtools.CdpVersionFinder findNearestMatch
INFO: Unable to find CDP implementation matching 111.
Mar 24, 2023 4:23:42 PM org.openqa.selenium.chromium.ChromiumDriver lambda$new$3
WARNING: Unable to find version of CDP to use for . You may need to include a dependency on a specific version of the CDP using something similar to `org.seleniumhq.selenium:selenium-devtools-v86:4.4.0` where the version ("v86") matches the version of the chromium-based browser you're using and the version number of the artifact is the same as Selenium's.
]]></system-err>
  </testcase>
  <testcase name="Verify User can add an item to cart" classname="This feature is use for testing UI of Retail page" time="9.243">
    <system-out><![CDATA[
@completeTest @addItemToCart
Scenario: Verify User can add an item to cart                                     # features/RetailHome.feature:31
 INFO [main] (RetailHomeSteps.java:26)- user is on retail website
 INFO [main] (RetailHomeSteps.java:27)- Actual Title React App Equals  ExpectedTitle React App
  Given User is on retail website                                                 # tek.sdet.framework.steps.RetailHomeSteps.userIsOnRetailWebsite()
 INFO [main] (SignInSteps.java:22)- User clicked on Sign in Option
  When User click on Sign in option                                               # tek.sdet.framework.steps.SignInSteps.userClickOnSignInOption()
 INFO [main] (SignInSteps.java:29)- user entered email mohruniyozmamadova@gmail.com and password Zarrina1964!
  And User enter email 'mohruniyozmamadova@gmail.com' and password 'Zarrina1964!' # tek.sdet.framework.steps.SignInSteps.userEnterEmailAndPassword(java.lang.String,java.lang.String)
 INFO [main] (SignInSteps.java:35)- user clicked on login button
  And User click on login button                                                  # tek.sdet.framework.steps.SignInSteps.userClickOnLoginButton()
  And User should be logged in into Account                                       # tek.sdet.framework.steps.SignInSteps.userShouldBeLoggedInIntoAccount()
 INFO [main] (RetailHomeSteps.java:111)- User clicked in all department and chose Smart Home
  And User change the category to 'Smart Home'                                    # tek.sdet.framework.steps.RetailHomeSteps.userChangeTheCategoryTo(java.lang.String)
 INFO [main] (RetailHomeSteps.java:118)- User entered and search for an Item kasa outdoor smart plug
  And User search for an item 'kasa outdoor smart plug'                           # tek.sdet.framework.steps.RetailHomeSteps.userSearchForAnItem(java.lang.String)
 INFO [main] (RetailHomeSteps.java:125)- User clicked on Search Button
  And User click on Search icon                                                   # tek.sdet.framework.steps.RetailHomeSteps.userClickOnSearchIcon()
 INFO [main] (RetailHomeSteps.java:132)- User clicked on searched Item
  And User click on item                                                          # tek.sdet.framework.steps.RetailHomeSteps.userClickOnItem()
 INFO [main] (RetailHomeSteps.java:141)- User selected quantity 2
  And User select quantity '2'                                                    # tek.sdet.framework.steps.RetailHomeSteps.userSelectQuantity(java.lang.String)
 INFO [main] (RetailHomeSteps.java:148)- User clicked in Add Cart Button
  And User click add to Cart button                                               # tek.sdet.framework.steps.RetailHomeSteps.userClickAddToCartButton()
 INFO [main] (RetailHomeSteps.java:157)- The Cart quantity changed to 2
  Then the cart icon quantity should change to '2'                                # tek.sdet.framework.steps.RetailHomeSteps.theCartIconQuantityShouldChangeTo(java.lang.String)
]]></system-out>
    <system-err><![CDATA[Starting Microsoft Edge WebDriver 111.0.1661.51 (5b30e0e79e572b7d6873934eb1b328c220c72c9b) on port 60392
To submit feedback, report a bug, or suggest new features, please visit https://github.com/MicrosoftEdge/EdgeWebDriver

Only local connections are allowed.
Please see https://aka.ms/WebDriverSecurity for suggestions on keeping Microsoft Edge WebDriver safe.

Microsoft Edge WebDriver was started successfully.
Mar 24, 2023 4:23:49 PM org.openqa.selenium.remote.ProtocolHandshake createSession
INFO: Detected upstream dialect: W3C
Mar 24, 2023 4:23:49 PM org.openqa.selenium.devtools.CdpVersionFinder findNearestMatch
WARNING: Unable to find an exact match for CDP version 111, so returning the closest version found: a no-op implementation
Mar 24, 2023 4:23:49 PM org.openqa.selenium.devtools.CdpVersionFinder findNearestMatch
INFO: Unable to find CDP implementation matching 111.
Mar 24, 2023 4:23:49 PM org.openqa.selenium.chromium.ChromiumDriver lambda$new$3
WARNING: Unable to find version of CDP to use for . You may need to include a dependency on a specific version of the CDP using something similar to `org.seleniumhq.selenium:selenium-devtools-v86:4.4.0` where the version ("v86") matches the version of the chromium-based browser you're using and the version number of the artifact is the same as Selenium's.
]]></system-err>
  </testcase>
  <testcase name="Verify User can place an order without Shipping address and payment Method on file" classname="This feature is use for testing UI of Retail page" time="11.469">
    <system-out><![CDATA[
@completeTest @placeAnOrder
Scenario: Verify User can place an order without Shipping address and payment Method on file # features/RetailHome.feature:46
 INFO [main] (RetailHomeSteps.java:26)- user is on retail website
 INFO [main] (RetailHomeSteps.java:27)- Actual Title React App Equals  ExpectedTitle React App
  Given User is on retail website                                                            # tek.sdet.framework.steps.RetailHomeSteps.userIsOnRetailWebsite()
 INFO [main] (SignInSteps.java:22)- User clicked on Sign in Option
  When User click on Sign in option                                                          # tek.sdet.framework.steps.SignInSteps.userClickOnSignInOption()
 INFO [main] (SignInSteps.java:29)- user entered email mohruniyozmamadova@gmail.com and password Zarrina1964!
  And User enter email 'mohruniyozmamadova@gmail.com' and password 'Zarrina1964!'            # tek.sdet.framework.steps.SignInSteps.userEnterEmailAndPassword(java.lang.String,java.lang.String)
 INFO [main] (SignInSteps.java:35)- user clicked on login button
  And User click on login button                                                             # tek.sdet.framework.steps.SignInSteps.userClickOnLoginButton()
  And User should be logged in into Account                                                  # tek.sdet.framework.steps.SignInSteps.userShouldBeLoggedInIntoAccount()
 INFO [main] (RetailHomeSteps.java:111)- User clicked in all department and chose Smart Home
  And User change the category to 'Smart Home'                                               # tek.sdet.framework.steps.RetailHomeSteps.userChangeTheCategoryTo(java.lang.String)
 INFO [main] (RetailHomeSteps.java:118)- User entered and search for an Item kasa outdoor smart plug
  And User search for an item 'kasa outdoor smart plug'                                      # tek.sdet.framework.steps.RetailHomeSteps.userSearchForAnItem(java.lang.String)
 INFO [main] (RetailHomeSteps.java:125)- User clicked on Search Button
  And User click on Search icon                                                              # tek.sdet.framework.steps.RetailHomeSteps.userClickOnSearchIcon()
 INFO [main] (RetailHomeSteps.java:132)- User clicked on searched Item
  And User click on item                                                                     # tek.sdet.framework.steps.RetailHomeSteps.userClickOnItem()
 INFO [main] (RetailHomeSteps.java:141)- User selected quantity 2
  And User select quantity '2'                                                               # tek.sdet.framework.steps.RetailHomeSteps.userSelectQuantity(java.lang.String)
 INFO [main] (RetailHomeSteps.java:148)- User clicked in Add Cart Button
  And User click add to Cart button                                                          # tek.sdet.framework.steps.RetailHomeSteps.userClickAddToCartButton()
 INFO [main] (RetailHomeSteps.java:157)- The Cart quantity changed to 2
  Then the cart icon quantity should change to '2'                                           # tek.sdet.framework.steps.RetailHomeSteps.theCartIconQuantityShouldChangeTo(java.lang.String)
 INFO [main] (RetailHomeSteps.java:164)- User clicked on Cart Button
  And User click on Cart option                                                              # tek.sdet.framework.steps.RetailHomeSteps.userClickOnCartOption()
 INFO [main] (RetailHomeSteps.java:170)- User clicked on proceed to checkout Button
  And User click on Proceed to Checkout button                                               # tek.sdet.framework.steps.RetailHomeSteps.userClickOnProceedToCheckoutButton()
 INFO [main] (RetailHomeSteps.java:176)- User clicked on Add a new address button
  And User click Add a new address link for shipping address                                 # tek.sdet.framework.steps.RetailHomeSteps.userClickAddANewAddressLinkForShippingAddress()
 INFO [main] (RetailAccountSteps.java:176)- user filled the new address form with information provided in data table
  And User fill new address form with below information                                      # tek.sdet.framework.steps.RetailAccountSteps.userFllNewAddressFormWithBelowInformation(io.cucumber.datatable.DataTable)
    | country | fullName | PhoneNumber | StreetAddress | apt | city | state | zipCode |
 INFO [main] (RetailAccountSteps.java:182)- user clicked on Add your Address button
  And User click Add Your Address button                                                     # tek.sdet.framework.steps.RetailAccountSteps.userClickAddYourAddressButton()
 INFO [main] (RetailHomeSteps.java:182)- User clicked on Add a new cared Button
  And User click Add a credit card or Debit Card for Payment method                          # tek.sdet.framework.steps.RetailHomeSteps.userClickAddACreditCardOrDebitCardForPaymentMethod()
 INFO [main] (RetailAccountSteps.java:88)- Usser filled card info
  And User fill Debit or credit card information                                             # tek.sdet.framework.steps.RetailAccountSteps.userFillDebitOrCreditCardInformation(io.cucumber.datatable.DataTable)
    | cardNumber | nameOnCard | expirationMonth | expirationYear | securityCode |
    | cardNumber | fullName   | 6               | 2025           | 235          |
 INFO [main] (RetailAccountSteps.java:95)- User click on Add Your Card Button
  And User click on Add your card button                                                     # tek.sdet.framework.steps.RetailAccountSteps.userClickOnAddYourCardButton()
 INFO [main] (RetailHomeSteps.java:188)- User clicked on Place your order Button
  And User click on Place Your Order                                                         # tek.sdet.framework.steps.RetailHomeSteps.userClickOnPlaceYourOrder()
 INFO [main] (RetailHomeSteps.java:195)- Order Placed Successfully
  Then Place Order  message should be displayed 'Order Placed Successfully'                  # tek.sdet.framework.steps.RetailHomeSteps.placeOrderMessageShouldBeDisplayed(java.lang.String)
]]></system-out>
    <system-err><![CDATA[Starting Microsoft Edge WebDriver 111.0.1661.51 (5b30e0e79e572b7d6873934eb1b328c220c72c9b) on port 57229
To submit feedback, report a bug, or suggest new features, please visit https://github.com/MicrosoftEdge/EdgeWebDriver

Only local connections are allowed.
Please see https://aka.ms/WebDriverSecurity for suggestions on keeping Microsoft Edge WebDriver safe.

Microsoft Edge WebDriver was started successfully.
Mar 24, 2023 4:23:59 PM org.openqa.selenium.remote.ProtocolHandshake createSession
INFO: Detected upstream dialect: W3C
Mar 24, 2023 4:23:59 PM org.openqa.selenium.devtools.CdpVersionFinder findNearestMatch
WARNING: Unable to find an exact match for CDP version 111, so returning the closest version found: a no-op implementation
Mar 24, 2023 4:23:59 PM org.openqa.selenium.devtools.CdpVersionFinder findNearestMatch
INFO: Unable to find CDP implementation matching 111.
Mar 24, 2023 4:23:59 PM org.openqa.selenium.chromium.ChromiumDriver lambda$new$3
WARNING: Unable to find version of CDP to use for . You may need to include a dependency on a specific version of the CDP using something similar to `org.seleniumhq.selenium:selenium-devtools-v86:4.4.0` where the version ("v86") matches the version of the chromium-based browser you're using and the version number of the artifact is the same as Selenium's.
]]></system-err>
  </testcase>
  <testcase name="Verify User can place an order with Shipping address and payment Method on file" classname="This feature is use for testing UI of Retail page" time="9.815">
    <system-out><![CDATA[
@completeTest @placeorderwithAddress
Scenario: Verify User can place an order with Shipping address and payment Method on file # features/RetailHome.feature:74
 INFO [main] (RetailHomeSteps.java:26)- user is on retail website
 INFO [main] (RetailHomeSteps.java:27)- Actual Title React App Equals  ExpectedTitle React App
  Given User is on retail website                                                         # tek.sdet.framework.steps.RetailHomeSteps.userIsOnRetailWebsite()
 INFO [main] (SignInSteps.java:22)- User clicked on Sign in Option
  When User click on Sign in option                                                       # tek.sdet.framework.steps.SignInSteps.userClickOnSignInOption()
 INFO [main] (SignInSteps.java:29)- user entered email mohruniyozmamadova@gmail.com and password Zarrina1964!
  And User enter email 'mohruniyozmamadova@gmail.com' and password 'Zarrina1964!'         # tek.sdet.framework.steps.SignInSteps.userEnterEmailAndPassword(java.lang.String,java.lang.String)
 INFO [main] (SignInSteps.java:35)- user clicked on login button
  And User click on login button                                                          # tek.sdet.framework.steps.SignInSteps.userClickOnLoginButton()
  And User should be logged in into Account                                               # tek.sdet.framework.steps.SignInSteps.userShouldBeLoggedInIntoAccount()
 INFO [main] (RetailHomeSteps.java:111)- User clicked in all department and chose Electronics
  And User change the category to 'Electronics'                                           # tek.sdet.framework.steps.RetailHomeSteps.userChangeTheCategoryTo(java.lang.String)
 INFO [main] (RetailHomeSteps.java:118)- User entered and search for an Item Apex Legends
  And User search for an item 'Apex Legends'                                              # tek.sdet.framework.steps.RetailHomeSteps.userSearchForAnItem(java.lang.String)
 INFO [main] (RetailHomeSteps.java:125)- User clicked on Search Button
  And User click on Search icon                                                           # tek.sdet.framework.steps.RetailHomeSteps.userClickOnSearchIcon()
 INFO [main] (RetailHomeSteps.java:132)- User clicked on searched Item
  And User click on item                                                                  # tek.sdet.framework.steps.RetailHomeSteps.userClickOnItem()
 INFO [main] (RetailHomeSteps.java:141)- User selected quantity 5
  And User select quantity '5'                                                            # tek.sdet.framework.steps.RetailHomeSteps.userSelectQuantity(java.lang.String)
 INFO [main] (RetailHomeSteps.java:148)- User clicked in Add Cart Button
  And User click add to Cart button                                                       # tek.sdet.framework.steps.RetailHomeSteps.userClickAddToCartButton()
 INFO [main] (RetailHomeSteps.java:157)- The Cart quantity changed to 5
  Then the cart icon quantity should change to '5'                                        # tek.sdet.framework.steps.RetailHomeSteps.theCartIconQuantityShouldChangeTo(java.lang.String)
 INFO [main] (RetailHomeSteps.java:164)- User clicked on Cart Button
  And User click on Cart option                                                           # tek.sdet.framework.steps.RetailHomeSteps.userClickOnCartOption()
 INFO [main] (RetailHomeSteps.java:170)- User clicked on proceed to checkout Button
  And User click on Proceed to Checkout button                                            # tek.sdet.framework.steps.RetailHomeSteps.userClickOnProceedToCheckoutButton()
 INFO [main] (RetailHomeSteps.java:188)- User clicked on Place your order Button
  And User click on Place Your Order                                                      # tek.sdet.framework.steps.RetailHomeSteps.userClickOnPlaceYourOrder()
 INFO [main] (RetailHomeSteps.java:195)- Order Placed Successfully
  Then Place Order  message should be displayed 'Order Placed Successfully'               # tek.sdet.framework.steps.RetailHomeSteps.placeOrderMessageShouldBeDisplayed(java.lang.String)
]]></system-out>
    <system-err><![CDATA[Starting Microsoft Edge WebDriver 111.0.1661.51 (5b30e0e79e572b7d6873934eb1b328c220c72c9b) on port 56061
To submit feedback, report a bug, or suggest new features, please visit https://github.com/MicrosoftEdge/EdgeWebDriver

Only local connections are allowed.
Please see https://aka.ms/WebDriverSecurity for suggestions on keeping Microsoft Edge WebDriver safe.

Microsoft Edge WebDriver was started successfully.
Mar 24, 2023 4:24:10 PM org.openqa.selenium.remote.ProtocolHandshake createSession
INFO: Detected upstream dialect: W3C
Mar 24, 2023 4:24:10 PM org.openqa.selenium.devtools.CdpVersionFinder findNearestMatch
WARNING: Unable to find an exact match for CDP version 111, so returning the closest version found: a no-op implementation
Mar 24, 2023 4:24:10 PM org.openqa.selenium.devtools.CdpVersionFinder findNearestMatch
INFO: Unable to find CDP implementation matching 111.
Mar 24, 2023 4:24:10 PM org.openqa.selenium.chromium.ChromiumDriver lambda$new$3
WARNING: Unable to find version of CDP to use for . You may need to include a dependency on a specific version of the CDP using something similar to `org.seleniumhq.selenium:selenium-devtools-v86:4.4.0` where the version ("v86") matches the version of the chromium-based browser you're using and the version number of the artifact is the same as Selenium's.
]]></system-err>
  </testcase>
  <testcase name="Verify User can cancel the order" classname="Retail Order Page" time="10.414">
    <system-out><![CDATA[
@completeTest @cancelOrder
Scenario: Verify User can cancel the order                                        # features/RetailOrder.feature:13
 INFO [main] (RetailHomeSteps.java:26)- user is on retail website
 INFO [main] (RetailHomeSteps.java:27)- Actual Title React App Equals  ExpectedTitle React App
  Given User is on retail website                                                 # tek.sdet.framework.steps.RetailHomeSteps.userIsOnRetailWebsite()
 INFO [main] (SignInSteps.java:22)- User clicked on Sign in Option
  When User click on Sign in option                                               # tek.sdet.framework.steps.SignInSteps.userClickOnSignInOption()
 INFO [main] (SignInSteps.java:29)- user entered email mohruniyozmamadova@gmail.com and password Zarrina1964!
  And User enter email 'mohruniyozmamadova@gmail.com' and password 'Zarrina1964!' # tek.sdet.framework.steps.SignInSteps.userEnterEmailAndPassword(java.lang.String,java.lang.String)
 INFO [main] (SignInSteps.java:35)- user clicked on login button
  And User click on login button                                                  # tek.sdet.framework.steps.SignInSteps.userClickOnLoginButton()
  And User should be logged in into Account                                       # tek.sdet.framework.steps.SignInSteps.userShouldBeLoggedInIntoAccount()
 INFO [main] (RetailOrderSteps.java:19)- User clicked on Orders section
  And User click on Orders section                                                # tek.sdet.framework.steps.RetailOrderSteps.userClickOnOrdersSection()
1
2
3
4
5
6
7
8
9
10
11
12
13
14
15
16
17
18
19
20
 INFO [main] (RetailOrderSteps.java:33)- User clicked on first order in list for cancel order
  And User click on first order in list                                           # tek.sdet.framework.steps.RetailOrderSteps.userClickOnFirstOrderInList()
 INFO [main] (RetailOrderSteps.java:40)- User clicked in Cancel the Order Button
  And User click on Cancel The Order button                                       # tek.sdet.framework.steps.RetailOrderSteps.userClickOnCancelTheOrderButton()
 INFO [main] (RetailOrderSteps.java:46)- User selected the cancelation reason Bought wrong item
  And User select the cancelation Reason 'Bought wrong item'                      # tek.sdet.framework.steps.RetailOrderSteps.userSelectTheCancelationReason(java.lang.String)
 INFO [main] (RetailOrderSteps.java:52)- User clicked on Cancel order Button
  And User click on Cancel Order button                                           # tek.sdet.framework.steps.RetailOrderSteps.userClickOnCancelOrderButton()
 INFO [main] (RetailOrderSteps.java:59)- Your Order Has Been Cancelled
  Then a cancelation message should be displayed 'Your Order Has Been Cancelled'  # tek.sdet.framework.steps.RetailOrderSteps.aCancelationMessageShouldBeDisplayed(java.lang.String)
]]></system-out>
    <system-err><![CDATA[Starting Microsoft Edge WebDriver 111.0.1661.51 (5b30e0e79e572b7d6873934eb1b328c220c72c9b) on port 59767
To submit feedback, report a bug, or suggest new features, please visit https://github.com/MicrosoftEdge/EdgeWebDriver

Only local connections are allowed.
Please see https://aka.ms/WebDriverSecurity for suggestions on keeping Microsoft Edge WebDriver safe.

Microsoft Edge WebDriver was started successfully.
Mar 24, 2023 4:24:20 PM org.openqa.selenium.remote.ProtocolHandshake createSession
INFO: Detected upstream dialect: W3C
Mar 24, 2023 4:24:20 PM org.openqa.selenium.devtools.CdpVersionFinder findNearestMatch
WARNING: Unable to find an exact match for CDP version 111, so returning the closest version found: a no-op implementation
Mar 24, 2023 4:24:20 PM org.openqa.selenium.devtools.CdpVersionFinder findNearestMatch
INFO: Unable to find CDP implementation matching 111.
Mar 24, 2023 4:24:20 PM org.openqa.selenium.chromium.ChromiumDriver lambda$new$3
WARNING: Unable to find version of CDP to use for . You may need to include a dependency on a specific version of the CDP using something similar to `org.seleniumhq.selenium:selenium-devtools-v86:4.4.0` where the version ("v86") matches the version of the chromium-based browser you're using and the version number of the artifact is the same as Selenium's.
]]></system-err>
  </testcase>
  <testcase name="Verify User can Return the order" classname="Retail Order Page" time="10.18">
    <system-out><![CDATA[
@completeTest @returnOrder
Scenario: Verify User can Return the order                                        # features/RetailOrder.feature:21
 INFO [main] (RetailHomeSteps.java:26)- user is on retail website
 INFO [main] (RetailHomeSteps.java:27)- Actual Title React App Equals  ExpectedTitle React App
  Given User is on retail website                                                 # tek.sdet.framework.steps.RetailHomeSteps.userIsOnRetailWebsite()
 INFO [main] (SignInSteps.java:22)- User clicked on Sign in Option
  When User click on Sign in option                                               # tek.sdet.framework.steps.SignInSteps.userClickOnSignInOption()
 INFO [main] (SignInSteps.java:29)- user entered email mohruniyozmamadova@gmail.com and password Zarrina1964!
  And User enter email 'mohruniyozmamadova@gmail.com' and password 'Zarrina1964!' # tek.sdet.framework.steps.SignInSteps.userEnterEmailAndPassword(java.lang.String,java.lang.String)
 INFO [main] (SignInSteps.java:35)- user clicked on login button
  And User click on login button                                                  # tek.sdet.framework.steps.SignInSteps.userClickOnLoginButton()
  And User should be logged in into Account                                       # tek.sdet.framework.steps.SignInSteps.userShouldBeLoggedInIntoAccount()
 INFO [main] (RetailOrderSteps.java:19)- User clicked on Orders section
  And User click on Orders section                                                # tek.sdet.framework.steps.RetailOrderSteps.userClickOnOrdersSection()
1
2
3
4
5
6
7
8
9
10
11
12
13
14
15
16
17
18
19
20
 INFO [main] (RetailOrderSteps.java:33)- User clicked on first order in list for cancel order
  And User click on first order in list                                           # tek.sdet.framework.steps.RetailOrderSteps.userClickOnFirstOrderInList()
 INFO [main] (RetailOrderSteps.java:66)- User Clicked on first return Button
  And User click on Return Items button                                           # tek.sdet.framework.steps.RetailOrderSteps.userClickOnReturnItemsButton()
 INFO [main] (RetailOrderSteps.java:72)- User selected the cancelation reason Item damaged
  And User select the Return Reason 'Item damaged'                                # tek.sdet.framework.steps.RetailOrderSteps.userSelectTheReturnReason(java.lang.String)
 INFO [main] (RetailOrderSteps.java:78)- User select the dropp off service FedEx
  And User select the drop off service 'FedEx'                                    # tek.sdet.framework.steps.RetailOrderSteps.userSelectTheDropOffService(java.lang.String)
 INFO [main] (RetailOrderSteps.java:84)- User clicked on Return Button
  And User click on Return Order button                                           # tek.sdet.framework.steps.RetailOrderSteps.userClickOnReturnOrderButton()
 INFO [main] (RetailOrderSteps.java:90)- Return was successfull
  Then a return message should be displayed 'Return was successfull'              # tek.sdet.framework.steps.RetailOrderSteps.aReturnMessageShouldBeDisplayed(java.lang.String)
]]></system-out>
    <system-err><![CDATA[Starting Microsoft Edge WebDriver 111.0.1661.51 (5b30e0e79e572b7d6873934eb1b328c220c72c9b) on port 53283
To submit feedback, report a bug, or suggest new features, please visit https://github.com/MicrosoftEdge/EdgeWebDriver

Only local connections are allowed.
Please see https://aka.ms/WebDriverSecurity for suggestions on keeping Microsoft Edge WebDriver safe.

Microsoft Edge WebDriver was started successfully.
Mar 24, 2023 4:24:30 PM org.openqa.selenium.remote.ProtocolHandshake createSession
INFO: Detected upstream dialect: W3C
Mar 24, 2023 4:24:30 PM org.openqa.selenium.devtools.CdpVersionFinder findNearestMatch
WARNING: Unable to find an exact match for CDP version 111, so returning the closest version found: a no-op implementation
Mar 24, 2023 4:24:30 PM org.openqa.selenium.devtools.CdpVersionFinder findNearestMatch
INFO: Unable to find CDP implementation matching 111.
Mar 24, 2023 4:24:30 PM org.openqa.selenium.chromium.ChromiumDriver lambda$new$3
WARNING: Unable to find version of CDP to use for . You may need to include a dependency on a specific version of the CDP using something similar to `org.seleniumhq.selenium:selenium-devtools-v86:4.4.0` where the version ("v86") matches the version of the chromium-based browser you're using and the version number of the artifact is the same as Selenium's.
]]></system-err>
  </testcase>
  <testcase name="Verify User can write a review on order placed" classname="Retail Order Page" time="9.992">
    <system-out><![CDATA[
@completeTest @reviewOrder
Scenario: Verify User can write a review on order placed                          # features/RetailOrder.feature:30
 INFO [main] (RetailHomeSteps.java:26)- user is on retail website
 INFO [main] (RetailHomeSteps.java:27)- Actual Title React App Equals  ExpectedTitle React App
  Given User is on retail website                                                 # tek.sdet.framework.steps.RetailHomeSteps.userIsOnRetailWebsite()
 INFO [main] (SignInSteps.java:22)- User clicked on Sign in Option
  When User click on Sign in option                                               # tek.sdet.framework.steps.SignInSteps.userClickOnSignInOption()
 INFO [main] (SignInSteps.java:29)- user entered email mohruniyozmamadova@gmail.com and password Zarrina1964!
  And User enter email 'mohruniyozmamadova@gmail.com' and password 'Zarrina1964!' # tek.sdet.framework.steps.SignInSteps.userEnterEmailAndPassword(java.lang.String,java.lang.String)
 INFO [main] (SignInSteps.java:35)- user clicked on login button
  And User click on login button                                                  # tek.sdet.framework.steps.SignInSteps.userClickOnLoginButton()
  And User should be logged in into Account                                       # tek.sdet.framework.steps.SignInSteps.userShouldBeLoggedInIntoAccount()
 INFO [main] (RetailOrderSteps.java:19)- User clicked on Orders section
  And User click on Orders section                                                # tek.sdet.framework.steps.RetailOrderSteps.userClickOnOrdersSection()
1
2
3
4
5
6
7
8
9
10
11
12
13
14
15
16
17
18
19
 INFO [main] (RetailOrderSteps.java:33)- User clicked on first order in list for cancel order
  And User click on first order in list                                           # tek.sdet.framework.steps.RetailOrderSteps.userClickOnFirstOrderInList()
 INFO [main] (RetailOrderSteps.java:97)- User clicked on Review Button
  And User click on Review button                                                 # tek.sdet.framework.steps.RetailOrderSteps.userClickOnReviewButton()
 INFO [main] (RetailOrderSteps.java:104)- User added Hedline Great Product and added comment message It is comfortable to use
  And User write Review headline 'Great Product' and 'It is comfortable to use'   # tek.sdet.framework.steps.RetailOrderSteps.userWriteReviewHeadlineAnd(java.lang.String,java.lang.String)
 INFO [main] (RetailOrderSteps.java:110)- User clicked on Add Review Button
  And User click Add your Review button                                           # tek.sdet.framework.steps.RetailOrderSteps.userClickAddYourReviewButton()
 INFO [main] (RetailOrderSteps.java:117)- Your review was added successfully
  Then Review message should be displayed 'Your review was added successfully'    # tek.sdet.framework.steps.RetailOrderSteps.reviewMessageShouldBeDisplayed(java.lang.String)
]]></system-out>
    <system-err><![CDATA[Starting Microsoft Edge WebDriver 111.0.1661.51 (5b30e0e79e572b7d6873934eb1b328c220c72c9b) on port 59232
To submit feedback, report a bug, or suggest new features, please visit https://github.com/MicrosoftEdge/EdgeWebDriver

Only local connections are allowed.
Please see https://aka.ms/WebDriverSecurity for suggestions on keeping Microsoft Edge WebDriver safe.

Microsoft Edge WebDriver was started successfully.
Mar 24, 2023 4:24:40 PM org.openqa.selenium.remote.ProtocolHandshake createSession
INFO: Detected upstream dialect: W3C
Mar 24, 2023 4:24:40 PM org.openqa.selenium.devtools.CdpVersionFinder findNearestMatch
WARNING: Unable to find an exact match for CDP version 111, so returning the closest version found: a no-op implementation
Mar 24, 2023 4:24:40 PM org.openqa.selenium.devtools.CdpVersionFinder findNearestMatch
INFO: Unable to find CDP implementation matching 111.
Mar 24, 2023 4:24:40 PM org.openqa.selenium.chromium.ChromiumDriver lambda$new$3
WARNING: Unable to find version of CDP to use for . You may need to include a dependency on a specific version of the CDP using something similar to `org.seleniumhq.selenium:selenium-devtools-v86:4.4.0` where the version ("v86") matches the version of the chromium-based browser you're using and the version number of the artifact is the same as Selenium's.
]]></system-err>
  </testcase>
  <testcase name="Verify user can sign in into Retail Application" classname="TEK Retail Application SignIn feature" time="8.026">
    <system-out><![CDATA[
@completeTest
Scenario: Verify user can sign in into Retail Application                         # features/SignIn.feature:8
 INFO [main] (RetailHomeSteps.java:26)- user is on retail website
 INFO [main] (RetailHomeSteps.java:27)- Actual Title React App Equals  ExpectedTitle React App
  Given User is on retail website                                                 # tek.sdet.framework.steps.RetailHomeSteps.userIsOnRetailWebsite()
 INFO [main] (SignInSteps.java:22)- User clicked on Sign in Option
  When User click on Sign in option                                               # tek.sdet.framework.steps.SignInSteps.userClickOnSignInOption()
 INFO [main] (SignInSteps.java:29)- user entered email mohruniyozmamadova@gmail.com and password Zarrina1964!
  And User enter email 'mohruniyozmamadova@gmail.com' and password 'Zarrina1964!' # tek.sdet.framework.steps.SignInSteps.userEnterEmailAndPassword(java.lang.String,java.lang.String)
 INFO [main] (SignInSteps.java:35)- user clicked on login button
  And User click on login button                                                  # tek.sdet.framework.steps.SignInSteps.userClickOnLoginButton()
  Then User should be logged in into Account                                      # tek.sdet.framework.steps.SignInSteps.userShouldBeLoggedInIntoAccount()
]]></system-out>
    <system-err><![CDATA[Starting Microsoft Edge WebDriver 111.0.1661.51 (5b30e0e79e572b7d6873934eb1b328c220c72c9b) on port 61440
To submit feedback, report a bug, or suggest new features, please visit https://github.com/MicrosoftEdge/EdgeWebDriver

Only local connections are allowed.
Please see https://aka.ms/WebDriverSecurity for suggestions on keeping Microsoft Edge WebDriver safe.

Microsoft Edge WebDriver was started successfully.
Mar 24, 2023 4:24:50 PM org.openqa.selenium.remote.ProtocolHandshake createSession
INFO: Detected upstream dialect: W3C
Mar 24, 2023 4:24:50 PM org.openqa.selenium.devtools.CdpVersionFinder findNearestMatch
WARNING: Unable to find an exact match for CDP version 111, so returning the closest version found: a no-op implementation
Mar 24, 2023 4:24:50 PM org.openqa.selenium.devtools.CdpVersionFinder findNearestMatch
INFO: Unable to find CDP implementation matching 111.
Mar 24, 2023 4:24:50 PM org.openqa.selenium.chromium.ChromiumDriver lambda$new$3
WARNING: Unable to find version of CDP to use for . You may need to include a dependency on a specific version of the CDP using something similar to `org.seleniumhq.selenium:selenium-devtools-v86:4.4.0` where the version ("v86") matches the version of the chromium-based browser you're using and the version number of the artifact is the same as Selenium's.
]]></system-err>
  </testcase>
  <testcase name="Verify user can create an acount into Retail Website" classname="TEK Retail Application SignIn feature" time="8.16">
    <system-out><![CDATA[
@completeTest @createAccount
Scenario: Verify user can create an acount into Retail Website # features/SignIn.feature:14
 INFO [main] (RetailHomeSteps.java:26)- user is on retail website
 INFO [main] (RetailHomeSteps.java:27)- Actual Title React App Equals  ExpectedTitle React App
  Given User is on retail website                              # tek.sdet.framework.steps.RetailHomeSteps.userIsOnRetailWebsite()
 INFO [main] (SignInSteps.java:22)- User clicked on Sign in Option
  When User click on Sign in option                            # tek.sdet.framework.steps.SignInSteps.userClickOnSignInOption()
 INFO [main] (SignInSteps.java:47)- user clicked on Create New Account button
  And User click on Create New Account button                  # tek.sdet.framework.steps.SignInSteps.userClickOnCreateNewAccountButton()
 INFO [main] (SignInSteps.java:57)- user filled the signUp information form
  And User fill the signUp information with below data         # tek.sdet.framework.steps.SignInSteps.userFillTheSignUpInformationWithBelowData(io.cucumber.datatable.DataTable)
    | name     | email | password  | confirmPassword |
    | fullName | email | Tek12345! | Tek12345!       |
 INFO [main] (SignInSteps.java:62)- user clicked on SignUpForm button
  And User click on SignUp button                              # tek.sdet.framework.steps.SignInSteps.userClickOnSignUpButton()
 INFO [main] (SignInSteps.java:68)- user is login into account page
  Then User should be logged into account page                 # tek.sdet.framework.steps.SignInSteps.userShouldBeLoggedIntoAccountPage()
]]></system-out>
    <system-err><![CDATA[Starting Microsoft Edge WebDriver 111.0.1661.51 (5b30e0e79e572b7d6873934eb1b328c220c72c9b) on port 55289
To submit feedback, report a bug, or suggest new features, please visit https://github.com/MicrosoftEdge/EdgeWebDriver

Only local connections are allowed.
Please see https://aka.ms/WebDriverSecurity for suggestions on keeping Microsoft Edge WebDriver safe.

Microsoft Edge WebDriver was started successfully.
Mar 24, 2023 4:24:58 PM org.openqa.selenium.remote.ProtocolHandshake createSession
INFO: Detected upstream dialect: W3C
Mar 24, 2023 4:24:58 PM org.openqa.selenium.devtools.CdpVersionFinder findNearestMatch
WARNING: Unable to find an exact match for CDP version 111, so returning the closest version found: a no-op implementation
Mar 24, 2023 4:24:58 PM org.openqa.selenium.devtools.CdpVersionFinder findNearestMatch
INFO: Unable to find CDP implementation matching 111.
Mar 24, 2023 4:24:58 PM org.openqa.selenium.chromium.ChromiumDriver lambda$new$3
WARNING: Unable to find version of CDP to use for . You may need to include a dependency on a specific version of the CDP using something similar to `org.seleniumhq.selenium:selenium-devtools-v86:4.4.0` where the version ("v86") matches the version of the chromium-based browser you're using and the version number of the artifact is the same as Selenium's.
]]></system-err>
  </testcase>
</testsuite>